<?xml version="1.0" encoding="UTF-8"?>
<!-- Generated by org.testng.reporters.JUnitReportReporter -->
<testsuite skipped="0" hostname="DESKTOP-M2NN6CV" name="Maven.HomepageTest" tests="2" failures="0" timestamp="2021-03-26T15:17:04 IST" time="11.794" errors="0">
  <testcase name="basepagenavigation" time="3.204" classname="Maven.HomepageTest"/>
  <system-out/>
  <testcase name="basepagenavigation" time="8.590" classname="Maven.HomepageTest"/>
  <system-out/>
</testsuite> <!-- Maven.HomepageTest -->
