<?xml version="1.0" encoding="UTF-8"?>
<!-- Generated by org.testng.reporters.JUnitReportReporter -->
<testsuite skipped="0" hostname="DESKTOP-M2NN6CV" name="Maven.logovalidateTest" tests="1" failures="0" timestamp="2021-03-26T15:17:04 IST" time="0.155" errors="0">
  <testcase name="logoValidation" time="0.155" classname="Maven.logovalidateTest"/>
  <system-out/>
</testsuite> <!-- Maven.logovalidateTest -->
