<?xml version="1.0" encoding="UTF-8"?>
<!-- Generated by org.testng.reporters.JUnitReportReporter -->
<testsuite skipped="0" hostname="DESKTOP-M2NN6CV" name="Maven.FooterValidationTest" tests="1" failures="0" timestamp="2021-04-29T03:26:27 IST" time="0.148" errors="0">
  <testcase name="footerValidation" time="0.148" classname="Maven.FooterValidationTest"/>
  <system-out/>
</testsuite> <!-- Maven.FooterValidationTest -->
